[debug] [2025-01-31T23:32:55.858Z] [Firebase Plugin] Activating Firebase extension.
[debug] [2025-01-31T23:34:26.539Z] [Firebase Plugin] VSCode notification server listening on port 40001
[info] [Firebase Plugin] Starting Data Connect toolkit on port 50001
[info] i  dataconnect: downloading dataconnect-emulator-1.7.7.exe... {"metadata":{"emulator":{"name":"dataconnect"},"message":"downloading dataconnect-emulator-1.7.7.exe..."}}
[debug] [2025-01-31T23:34:27.979Z] >>> [apiv2][query] GET https://storage.googleapis.com/firemat-preview-drop/emulator/dataconnect-emulator-windows-v1.7.7 
[debug] [2025-01-31T23:34:28.741Z] <<< [apiv2][status] GET https://storage.googleapis.com/firemat-preview-drop/emulator/dataconnect-emulator-windows-v1.7.7 200
[debug] [2025-01-31T23:34:28.742Z] <<< [apiv2][body] GET https://storage.googleapis.com/firemat-preview-drop/emulator/dataconnect-emulator-windows-v1.7.7 [stream]
[info] i  dataconnect: Removing outdated emulator files: dataconnect-emulator-1.7.6.exe {"metadata":{"emulator":{"name":"dataconnect"},"message":"Removing outdated emulator files: dataconnect-emulator-1.7.6.exe"}}
[debug] [2025-01-31T23:34:35.269Z] I0201 00:34:35.263603   15532 control.go:59] [/emulator/Sempaithon 1598] UpdateResources(): done
Schema: sources: schema\schema.gql [1429B] 
Connector "default": sources: connector\mutations.gql [1213B] connector\queries.gql [1938B] 
 {"metadata":{"emulator":{"name":"dataconnect"},"message":"I0201 00:34:35.263603   15532 control.go:59] [/emulator/Sempaithon 1598] UpdateResources(): done\nSchema: sources: schema\\schema.gql [1429B] \nConnector \"default\": sources: connector\\mutations.gql [1213B] connector\\queries.gql [1938B] \n"}}
[debug] [2025-01-31T23:34:35.271Z] Ignoring unsupported arg: auto_download {"metadata":{"emulator":{"name":"dataconnect"},"message":"Ignoring unsupported arg: auto_download"}}
[debug] [2025-01-31T23:34:35.271Z] Ignoring unsupported arg: port {"metadata":{"emulator":{"name":"dataconnect"},"message":"Ignoring unsupported arg: port"}}
[debug] [2025-01-31T23:34:35.272Z] Starting Data Connect Emulator with command {"binary":"C:\\Users\\USER\\.cache\\firebase\\emulators\\dataconnect-emulator-1.7.7.exe","args":["--logtostderr","-v=2","dev","--listen=localhost:50001","--config_dir=c:\\Users\\USER\\Sempaithon-1\\dataconnect","--enable_output_schema_extensions=true","--enable_output_generated_sdk=true"],"optionalArgs":["listen","config_dir","enable_output_schema_extensions","enable_output_generated_sdk"],"joinArgs":true,"shell":false,"port":9399} {"metadata":{"emulator":{"name":"dataconnect"},"message":"Starting Data Connect Emulator with command {\"binary\":\"C:\\\\Users\\\\USER\\\\.cache\\\\firebase\\\\emulators\\\\dataconnect-emulator-1.7.7.exe\",\"args\":[\"--logtostderr\",\"-v=2\",\"dev\",\"--listen=localhost:50001\",\"--config_dir=c:\\\\Users\\\\USER\\\\Sempaithon-1\\\\dataconnect\",\"--enable_output_schema_extensions=true\",\"--enable_output_generated_sdk=true\"],\"optionalArgs\":[\"listen\",\"config_dir\",\"enable_output_schema_extensions\",\"enable_output_generated_sdk\"],\"joinArgs\":true,\"shell\":false,\"port\":9399}"}}
[info] i  dataconnect: Data Connect Emulator logging to dataconnect-debug.log {"metadata":{"emulator":{"name":"dataconnect"},"message":"Data Connect Emulator logging to \u001b[1mdataconnect-debug.log\u001b[22m"}}
[debug] [2025-01-31T23:34:35.318Z] I0201 00:34:35.317542    4092 load.go:37] Reloading schema and connectors...
 {"metadata":{"emulator":{"name":"dataconnect"},"message":"I0201 00:34:35.317542    4092 load.go:37] Reloading schema and connectors...\n"}}
[debug] [2025-01-31T23:34:35.348Z] I0201 00:34:35.348469    4092 control.go:59] [/emulator/Sempaithon cda5] UpdateResources(): done
Schema: sources: schema\schema.gql [1429B] 
Connector "default": sources: connector\mutations.gql [1213B] connector\queries.gql [1938B] 
 {"metadata":{"emulator":{"name":"dataconnect"},"message":"I0201 00:34:35.348469    4092 control.go:59] [/emulator/Sempaithon cda5] UpdateResources(): done\nSchema: sources: schema\\schema.gql [1429B] \nConnector \"default\": sources: connector\\mutations.gql [1213B] connector\\queries.gql [1938B] \n"}}
[debug] [2025-01-31T23:34:35.370Z] I0201 00:34:35.369431    4092 codegen.go:82] [connector "default" javascriptSdk] Generating sources into "c:\\Users\\USER\\Sempaithon-1\\dataconnect-generated\\js\\default-connector"
 {"metadata":{"emulator":{"name":"dataconnect"},"message":"I0201 00:34:35.369431    4092 codegen.go:82] [connector \"default\" javascriptSdk] Generating sources into \"c:\\\\Users\\\\USER\\\\Sempaithon-1\\\\dataconnect-generated\\\\js\\\\default-connector\"\n"}}
[debug] [2025-01-31T23:34:35.374Z] I0201 00:34:35.374436    4092 collector.go:107] schema extensions wrote into "c:\\Users\\USER\\Sempaithon-1\\dataconnect\\.dataconnect\\schema"
Generated sources: prelude.gql [65151B] 
 {"metadata":{"emulator":{"name":"dataconnect"},"message":"I0201 00:34:35.374436    4092 collector.go:107] schema extensions wrote into \"c:\\\\Users\\\\USER\\\\Sempaithon-1\\\\dataconnect\\\\.dataconnect\\\\schema\"\nGenerated sources: prelude.gql [65151B] \n"}}
[debug] [2025-01-31T23:34:35.378Z] I0201 00:34:35.378434    4092 collector.go:107] connector "default" javascriptSdk wrote into "c:\\Users\\USER\\Sempaithon-1\\dataconnect-generated\\js\\default-connector"
Generated sources: package.json [634B] README.md [2740B] index.d.ts [261B] esm\index.esm.js [169B] esm\package.json [17B] index.cjs.js [210B] 
 {"metadata":{"emulator":{"name":"dataconnect"},"message":"I0201 00:34:35.378434    4092 collector.go:107] connector \"default\" javascriptSdk wrote into \"c:\\\\Users\\\\USER\\\\Sempaithon-1\\\\dataconnect-generated\\\\js\\\\default-connector\"\nGenerated sources: package.json [634B] README.md [2740B] index.d.ts [261B] esm\\index.esm.js [169B] esm\\package.json [17B] index.cjs.js [210B] \n"}}
[debug] [2025-01-31T23:34:35.454Z] I0201 00:34:35.453905    4092 installsdk.go:76] Running command: C:\nvm4w\nodejs\npm.cmd install file:dataconnect-generated\js\default-connector
 {"metadata":{"emulator":{"name":"dataconnect"},"message":"I0201 00:34:35.453905    4092 installsdk.go:76] Running command: C:\\nvm4w\\nodejs\\npm.cmd install file:dataconnect-generated\\js\\default-connector\n"}}
[debug] [2025-01-31T23:34:50.170Z] E0201 00:34:50.170060    4092 installsdk.go:78] Failed to install package: exit status 0xc000013a
 {"metadata":{"emulator":{"name":"dataconnect"},"message":"E0201 00:34:50.170060    4092 installsdk.go:78] Failed to install package: exit status 0xc000013a\n"}}
[debug] [2025-01-31T23:34:50.173Z] I0201 00:34:50.170060    4092 load.go:115] Finished reloading
 {"metadata":{"emulator":{"name":"dataconnect"},"message":"I0201 00:34:50.170060    4092 load.go:115] Finished reloading\n"}}
[debug] [2025-01-31T23:34:50.276Z] I0201 00:34:50.276101    4092 dev.go:95] Listening on address (HTTP + gRPC): 127.0.0.1:50001
 {"metadata":{"emulator":{"name":"dataconnect"},"message":"I0201 00:34:50.276101    4092 dev.go:95] Listening on address (HTTP + gRPC): 127.0.0.1:50001\n"}}
[info] [Firebase Plugin] Stopping Data Connect toolkit
[warn] !  Data Connect Emulator has exited upon receiving signal: SIGINT 
[debug] [2025-02-14T09:41:44.778Z] [Firebase Plugin] Activating Firebase extension.
[debug] [2025-02-14T09:42:05.973Z] [Firebase Plugin] VSCode notification server listening on port 40001
[info] [Firebase Plugin] Starting Data Connect toolkit (version 1.7.7) on port 50001
[debug] [2025-02-14T09:42:08.305Z] I0214 10:42:08.299523    4512 control.go:59] [/emulator/Sempaithon bfc9] UpdateResources(): done
Schema: sources: schema\schema.gql [1429B] 
Connector "default": sources: connector\mutations.gql [1213B] connector\queries.gql [1938B] 
 {"metadata":{"emulator":{"name":"dataconnect"},"message":"I0214 10:42:08.299523    4512 control.go:59] [/emulator/Sempaithon bfc9] UpdateResources(): done\nSchema: sources: schema\\schema.gql [1429B] \nConnector \"default\": sources: connector\\mutations.gql [1213B] connector\\queries.gql [1938B] \n"}}
[debug] [2025-02-14T09:42:08.307Z] Ignoring unsupported arg: auto_download {"metadata":{"emulator":{"name":"dataconnect"},"message":"Ignoring unsupported arg: auto_download"}}
[debug] [2025-02-14T09:42:08.308Z] Ignoring unsupported arg: port {"metadata":{"emulator":{"name":"dataconnect"},"message":"Ignoring unsupported arg: port"}}
[debug] [2025-02-14T09:42:08.309Z] Starting Data Connect Emulator with command {"binary":"C:\\Users\\USER\\.cache\\firebase\\emulators\\dataconnect-emulator-1.7.7.exe","args":["--logtostderr","-v=2","dev","--listen=localhost:50001","--config_dir=c:\\Users\\USER\\Sempaithon-1\\dataconnect","--enable_output_schema_extensions=true","--enable_output_generated_sdk=true"],"optionalArgs":["listen","config_dir","enable_output_schema_extensions","enable_output_generated_sdk"],"joinArgs":true,"shell":false,"port":9399} {"metadata":{"emulator":{"name":"dataconnect"},"message":"Starting Data Connect Emulator with command {\"binary\":\"C:\\\\Users\\\\USER\\\\.cache\\\\firebase\\\\emulators\\\\dataconnect-emulator-1.7.7.exe\",\"args\":[\"--logtostderr\",\"-v=2\",\"dev\",\"--listen=localhost:50001\",\"--config_dir=c:\\\\Users\\\\USER\\\\Sempaithon-1\\\\dataconnect\",\"--enable_output_schema_extensions=true\",\"--enable_output_generated_sdk=true\"],\"optionalArgs\":[\"listen\",\"config_dir\",\"enable_output_schema_extensions\",\"enable_output_generated_sdk\"],\"joinArgs\":true,\"shell\":false,\"port\":9399}"}}
[info] i  dataconnect: Data Connect Emulator logging to dataconnect-debug.log {"metadata":{"emulator":{"name":"dataconnect"},"message":"Data Connect Emulator logging to \u001b[1mdataconnect-debug.log\u001b[22m"}}
[debug] [2025-02-14T09:42:09.526Z] I0214 10:42:09.455711   14720 load.go:37] Reloading schema and connectors...
 {"metadata":{"emulator":{"name":"dataconnect"},"message":"I0214 10:42:09.455711   14720 load.go:37] Reloading schema and connectors...\n"}}
[debug] [2025-02-14T09:42:09.896Z] I0214 10:42:09.897906   14720 control.go:59] [/emulator/Sempaithon 39c7] UpdateResources(): done
Schema: sources: schema\schema.gql [1429B] 
Connector "default": sources: connector\mutations.gql [1213B] connector\queries.gql [1938B] 
 {"metadata":{"emulator":{"name":"dataconnect"},"message":"I0214 10:42:09.897906   14720 control.go:59] [/emulator/Sempaithon 39c7] UpdateResources(): done\nSchema: sources: schema\\schema.gql [1429B] \nConnector \"default\": sources: connector\\mutations.gql [1213B] connector\\queries.gql [1938B] \n"}}
[debug] [2025-02-14T09:42:10.273Z] I0214 10:42:10.269371   14720 codegen.go:82] [connector "default" javascriptSdk] Generating sources into "c:\\Users\\USER\\Sempaithon-1\\dataconnect-generated\\js\\default-connector"
 {"metadata":{"emulator":{"name":"dataconnect"},"message":"I0214 10:42:10.269371   14720 codegen.go:82] [connector \"default\" javascriptSdk] Generating sources into \"c:\\\\Users\\\\USER\\\\Sempaithon-1\\\\dataconnect-generated\\\\js\\\\default-connector\"\n"}}
[debug] [2025-02-14T09:42:10.282Z] I0214 10:42:10.282969   14720 collector.go:107] schema extensions wrote into "c:\\Users\\USER\\Sempaithon-1\\dataconnect\\.dataconnect\\schema"
Generated sources: prelude.gql [65151B] 
 {"metadata":{"emulator":{"name":"dataconnect"},"message":"I0214 10:42:10.282969   14720 collector.go:107] schema extensions wrote into \"c:\\\\Users\\\\USER\\\\Sempaithon-1\\\\dataconnect\\\\.dataconnect\\\\schema\"\nGenerated sources: prelude.gql [65151B] \n"}}
[debug] [2025-02-14T09:42:10.293Z] I0214 10:42:10.294095   14720 collector.go:107] connector "default" javascriptSdk wrote into "c:\\Users\\USER\\Sempaithon-1\\dataconnect-generated\\js\\default-connector"
Generated sources: esm\index.esm.js [169B] esm\package.json [17B] index.cjs.js [210B] package.json [634B] README.md [2740B] index.d.ts [261B] 
 {"metadata":{"emulator":{"name":"dataconnect"},"message":"I0214 10:42:10.294095   14720 collector.go:107] connector \"default\" javascriptSdk wrote into \"c:\\\\Users\\\\USER\\\\Sempaithon-1\\\\dataconnect-generated\\\\js\\\\default-connector\"\nGenerated sources: esm\\index.esm.js [169B] esm\\package.json [17B] index.cjs.js [210B] package.json [634B] README.md [2740B] index.d.ts [261B] \n"}}
[debug] [2025-02-14T09:42:10.401Z] I0214 10:42:10.402423   14720 installsdk.go:76] Running command: C:\nvm4w\nodejs\npm.cmd install file:dataconnect-generated\js\default-connector
 {"metadata":{"emulator":{"name":"dataconnect"},"message":"I0214 10:42:10.402423   14720 installsdk.go:76] Running command: C:\\nvm4w\\nodejs\\npm.cmd install file:dataconnect-generated\\js\\default-connector\n"}}
[debug] [2025-02-14T09:44:52.947Z] I0214 10:44:52.947757   14720 load.go:115] Finished reloading
 {"metadata":{"emulator":{"name":"dataconnect"},"message":"I0214 10:44:52.947757   14720 load.go:115] Finished reloading\n"}}
[debug] [2025-02-14T09:44:52.975Z] I0214 10:44:52.975204   14720 dev.go:95] Listening on address (HTTP + gRPC): 127.0.0.1:50001
 {"metadata":{"emulator":{"name":"dataconnect"},"message":"I0214 10:44:52.975204   14720 dev.go:95] Listening on address (HTTP + gRPC): 127.0.0.1:50001\n"}}
[debug] [2025-02-28T23:54:02.782Z] [Firebase Plugin] Activating Firebase extension.
[debug] [2025-02-28T23:55:31.034Z] [Firebase Plugin] VSCode notification server listening on port 40001
[info] [Firebase Plugin] Starting Data Connect toolkit (version 1.8.2) on port 50001
[debug] [2025-02-28T23:55:41.708Z] I0301 00:55:41.157167    3540 control.go:59] [/emulator/Sempaithon 93f9] UpdateResources(): done
Schema: sources: schema\schema.gql [1429B] 
Connector "default": sources: connector\mutations.gql [1213B] connector\queries.gql [1938B] 
 {"metadata":{"emulator":{"name":"dataconnect"},"message":"I0301 00:55:41.157167    3540 control.go:59] [/emulator/Sempaithon 93f9] UpdateResources(): done\nSchema: sources: schema\\schema.gql [1429B] \nConnector \"default\": sources: connector\\mutations.gql [1213B] connector\\queries.gql [1938B] \n"}}
[debug] [2025-02-28T23:55:41.712Z] Ignoring unsupported arg: auto_download {"metadata":{"emulator":{"name":"dataconnect"},"message":"Ignoring unsupported arg: auto_download"}}
[debug] [2025-02-28T23:55:41.715Z] Ignoring unsupported arg: port {"metadata":{"emulator":{"name":"dataconnect"},"message":"Ignoring unsupported arg: port"}}
[debug] [2025-02-28T23:55:41.716Z] Starting Data Connect Emulator with command {"binary":"C:\\Users\\USER\\.cache\\firebase\\emulators\\dataconnect-emulator-1.8.2.exe","args":["--logtostderr","-v=2","dev","--listen=localhost:50001","--config_dir=c:\\Users\\USER\\Github Repos\\Sempaithon\\Sempaithon\\dataconnect","--enable_output_schema_extensions=true","--enable_output_generated_sdk=true"],"optionalArgs":["listen","config_dir","enable_output_schema_extensions","enable_output_generated_sdk"],"joinArgs":true,"shell":false,"port":9399} {"metadata":{"emulator":{"name":"dataconnect"},"message":"Starting Data Connect Emulator with command {\"binary\":\"C:\\\\Users\\\\USER\\\\.cache\\\\firebase\\\\emulators\\\\dataconnect-emulator-1.8.2.exe\",\"args\":[\"--logtostderr\",\"-v=2\",\"dev\",\"--listen=localhost:50001\",\"--config_dir=c:\\\\Users\\\\USER\\\\Github Repos\\\\Sempaithon\\\\Sempaithon\\\\dataconnect\",\"--enable_output_schema_extensions=true\",\"--enable_output_generated_sdk=true\"],\"optionalArgs\":[\"listen\",\"config_dir\",\"enable_output_schema_extensions\",\"enable_output_generated_sdk\"],\"joinArgs\":true,\"shell\":false,\"port\":9399}"}}
[info] i  dataconnect: Data Connect Emulator logging to dataconnect-debug.log {"metadata":{"emulator":{"name":"dataconnect"},"message":"Data Connect Emulator logging to \u001b[1mdataconnect-debug.log\u001b[22m"}}
[debug] [2025-02-28T23:55:43.936Z] I0301 00:55:42.081401   18252 load.go:37] Reloading schema and connectors...
I0301 00:55:42.360861   18252 control.go:59] [/emulator/Sempaithon 285a] UpdateResources(): done
Schema: sources: schema\schema.gql [1429B] 
Connector "default": sources: connector\mutations.gql [1213B] connector\queries.gql [1938B] 
I0301 00:55:42.631649   18252 codegen.go:82] [connector "default" javascriptSdk] Generating sources into "c:\\Users\\USER\\Github Repos\\Sempaithon\\Sempaithon\\dataconnect-generated\\js\\default-connector"
I0301 00:55:42.655249   18252 collector.go:107] schema extensions wrote into "c:\\Users\\USER\\Github Repos\\Sempaithon\\Sempaithon\\dataconnect\\.dataconnect\\schema"
Generated sources: prelude.gql [65317B] 
I0301 00:55:42.662262   18252 collector.go:107] connector "default" javascriptSdk wrote into "c:\\Users\\USER\\Github Repos\\Sempaithon\\Sempaithon\\dataconnect-generated\\js\\default-connector"
Generated sources: index.d.ts [259B] esm\index.esm.js [169B] esm\package.json [17B] index.cjs.js [210B] package.json [634B] README.md [2740B] 
I0301 00:55:43.226943   18252 installsdk.go:76] Running command: C:\nvm4w\nodejs\npm.cmd install file:dataconnect-generated\js\default-connector
 {"metadata":{"emulator":{"name":"dataconnect"},"message":"I0301 00:55:42.081401   18252 load.go:37] Reloading schema and connectors...\nI0301 00:55:42.360861   18252 control.go:59] [/emulator/Sempaithon 285a] UpdateResources(): done\nSchema: sources: schema\\schema.gql [1429B] \nConnector \"default\": sources: connector\\mutations.gql [1213B] connector\\queries.gql [1938B] \nI0301 00:55:42.631649   18252 codegen.go:82] [connector \"default\" javascriptSdk] Generating sources into \"c:\\\\Users\\\\USER\\\\Github Repos\\\\Sempaithon\\\\Sempaithon\\\\dataconnect-generated\\\\js\\\\default-connector\"\nI0301 00:55:42.655249   18252 collector.go:107] schema extensions wrote into \"c:\\\\Users\\\\USER\\\\Github Repos\\\\Sempaithon\\\\Sempaithon\\\\dataconnect\\\\.dataconnect\\\\schema\"\nGenerated sources: prelude.gql [65317B] \nI0301 00:55:42.662262   18252 collector.go:107] connector \"default\" javascriptSdk wrote into \"c:\\\\Users\\\\USER\\\\Github Repos\\\\Sempaithon\\\\Sempaithon\\\\dataconnect-generated\\\\js\\\\default-connector\"\nGenerated sources: index.d.ts [259B] esm\\index.esm.js [169B] esm\\package.json [17B] index.cjs.js [210B] package.json [634B] README.md [2740B] \nI0301 00:55:43.226943   18252 installsdk.go:76] Running command: C:\\nvm4w\\nodejs\\npm.cmd install file:dataconnect-generated\\js\\default-connector\n"}}
[debug] [2025-02-28T23:55:45.474Z] E0301 00:55:45.473309   18252 installsdk.go:78] Failed to install package: exit status 0xc000013a
I0301 00:55:45.473309   18252 load.go:115] Finished reloading
 {"metadata":{"emulator":{"name":"dataconnect"},"message":"E0301 00:55:45.473309   18252 installsdk.go:78] Failed to install package: exit status 0xc000013a\nI0301 00:55:45.473309   18252 load.go:115] Finished reloading\n"}}
[debug] [2025-02-28T23:55:48.178Z] I0301 00:55:48.177951   18252 dev.go:95] Listening on address (HTTP + gRPC): 127.0.0.1:50001
 {"metadata":{"emulator":{"name":"dataconnect"},"message":"I0301 00:55:48.177951   18252 dev.go:95] Listening on address (HTTP + gRPC): 127.0.0.1:50001\n"}}
[debug] [2025-03-05T00:15:34.514Z] [Firebase Plugin] Activating Firebase extension.
[info] [Firebase Plugin] Unable to check firebase-tools installation: TypeError: fetch failed
[debug] [2025-03-05T00:15:35.794Z] [Firebase Plugin] VSCode notification server listening on port 40001
[info] [Firebase Plugin] Starting Data Connect toolkit (version 1.8.2) on port 50001
[debug] [2025-03-05T00:15:38.835Z] I0305 01:15:38.826858    1288 control.go:59] [/emulator/Sempaithon af05] UpdateResources(): done
Schema: sources: schema\schema.gql [1429B] 
Connector "default": sources: connector\mutations.gql [1213B] connector\queries.gql [1938B] 
 {"metadata":{"emulator":{"name":"dataconnect"},"message":"I0305 01:15:38.826858    1288 control.go:59] [/emulator/Sempaithon af05] UpdateResources(): done\nSchema: sources: schema\\schema.gql [1429B] \nConnector \"default\": sources: connector\\mutations.gql [1213B] connector\\queries.gql [1938B] \n"}}
[debug] [2025-03-05T00:15:38.837Z] Ignoring unsupported arg: auto_download {"metadata":{"emulator":{"name":"dataconnect"},"message":"Ignoring unsupported arg: auto_download"}}
[debug] [2025-03-05T00:15:38.838Z] Ignoring unsupported arg: port {"metadata":{"emulator":{"name":"dataconnect"},"message":"Ignoring unsupported arg: port"}}
[debug] [2025-03-05T00:15:38.838Z] Starting Data Connect Emulator with command {"binary":"C:\\Users\\USER\\.cache\\firebase\\emulators\\dataconnect-emulator-1.8.2.exe","args":["--logtostderr","-v=2","dev","--listen=localhost:50001","--config_dir=c:\\Users\\USER\\Github Repos\\Sempaithon\\Sempaithon\\dataconnect","--enable_output_schema_extensions=true","--enable_output_generated_sdk=true"],"optionalArgs":["listen","config_dir","enable_output_schema_extensions","enable_output_generated_sdk"],"joinArgs":true,"shell":false,"port":9399} {"metadata":{"emulator":{"name":"dataconnect"},"message":"Starting Data Connect Emulator with command {\"binary\":\"C:\\\\Users\\\\USER\\\\.cache\\\\firebase\\\\emulators\\\\dataconnect-emulator-1.8.2.exe\",\"args\":[\"--logtostderr\",\"-v=2\",\"dev\",\"--listen=localhost:50001\",\"--config_dir=c:\\\\Users\\\\USER\\\\Github Repos\\\\Sempaithon\\\\Sempaithon\\\\dataconnect\",\"--enable_output_schema_extensions=true\",\"--enable_output_generated_sdk=true\"],\"optionalArgs\":[\"listen\",\"config_dir\",\"enable_output_schema_extensions\",\"enable_output_generated_sdk\"],\"joinArgs\":true,\"shell\":false,\"port\":9399}"}}
[info] i  dataconnect: Data Connect Emulator logging to dataconnect-debug.log {"metadata":{"emulator":{"name":"dataconnect"},"message":"Data Connect Emulator logging to \u001b[1mdataconnect-debug.log\u001b[22m"}}
[debug] [2025-03-05T00:15:39.098Z] I0305 01:15:38.987967   12056 load.go:37] Reloading schema and connectors...
 {"metadata":{"emulator":{"name":"dataconnect"},"message":"I0305 01:15:38.987967   12056 load.go:37] Reloading schema and connectors...\n"}}
[debug] [2025-03-05T00:15:39.224Z] I0305 01:15:39.224522   12056 control.go:59] [/emulator/Sempaithon 669d] UpdateResources(): done
Schema: sources: schema\schema.gql [1429B] 
Connector "default": sources: connector\mutations.gql [1213B] connector\queries.gql [1938B] 
 {"metadata":{"emulator":{"name":"dataconnect"},"message":"I0305 01:15:39.224522   12056 control.go:59] [/emulator/Sempaithon 669d] UpdateResources(): done\nSchema: sources: schema\\schema.gql [1429B] \nConnector \"default\": sources: connector\\mutations.gql [1213B] connector\\queries.gql [1938B] \n"}}
[debug] [2025-03-05T00:15:39.795Z] I0305 01:15:39.794722   12056 codegen.go:82] [connector "default" javascriptSdk] Generating sources into "c:\\Users\\USER\\Github Repos\\Sempaithon\\Sempaithon\\dataconnect-generated\\js\\default-connector"
 {"metadata":{"emulator":{"name":"dataconnect"},"message":"I0305 01:15:39.794722   12056 codegen.go:82] [connector \"default\" javascriptSdk] Generating sources into \"c:\\\\Users\\\\USER\\\\Github Repos\\\\Sempaithon\\\\Sempaithon\\\\dataconnect-generated\\\\js\\\\default-connector\"\n"}}
[debug] [2025-03-05T00:15:39.806Z] I0305 01:15:39.805884   12056 collector.go:107] schema extensions wrote into "c:\\Users\\USER\\Github Repos\\Sempaithon\\Sempaithon\\dataconnect\\.dataconnect\\schema"
Generated sources: prelude.gql [65317B] 
 {"metadata":{"emulator":{"name":"dataconnect"},"message":"I0305 01:15:39.805884   12056 collector.go:107] schema extensions wrote into \"c:\\\\Users\\\\USER\\\\Github Repos\\\\Sempaithon\\\\Sempaithon\\\\dataconnect\\\\.dataconnect\\\\schema\"\nGenerated sources: prelude.gql [65317B] \n"}}
[debug] [2025-03-05T00:15:39.810Z] I0305 01:15:39.809406   12056 collector.go:107] connector "default" javascriptSdk wrote into "c:\\Users\\USER\\Github Repos\\Sempaithon\\Sempaithon\\dataconnect-generated\\js\\default-connector"
Generated sources: esm\package.json [17B] index.cjs.js [210B] package.json [634B] README.md [2740B] index.d.ts [259B] esm\index.esm.js [169B] 
 {"metadata":{"emulator":{"name":"dataconnect"},"message":"I0305 01:15:39.809406   12056 collector.go:107] connector \"default\" javascriptSdk wrote into \"c:\\\\Users\\\\USER\\\\Github Repos\\\\Sempaithon\\\\Sempaithon\\\\dataconnect-generated\\\\js\\\\default-connector\"\nGenerated sources: esm\\package.json [17B] index.cjs.js [210B] package.json [634B] README.md [2740B] index.d.ts [259B] esm\\index.esm.js [169B] \n"}}
[debug] [2025-03-05T00:15:40.241Z] I0305 01:15:40.240667   12056 installsdk.go:76] Running command: C:\nvm4w\nodejs\npm.cmd install file:dataconnect-generated\js\default-connector
 {"metadata":{"emulator":{"name":"dataconnect"},"message":"I0305 01:15:40.240667   12056 installsdk.go:76] Running command: C:\\nvm4w\\nodejs\\npm.cmd install file:dataconnect-generated\\js\\default-connector\n"}}
[debug] [2025-03-05T00:18:42.410Z] I0305 01:18:42.410175   12056 load.go:115] Finished reloading
 {"metadata":{"emulator":{"name":"dataconnect"},"message":"I0305 01:18:42.410175   12056 load.go:115] Finished reloading\n"}}
[debug] [2025-03-05T00:18:42.451Z] I0305 01:18:42.445266   12056 dev.go:95] Listening on address (HTTP + gRPC): 127.0.0.1:50001
 {"metadata":{"emulator":{"name":"dataconnect"},"message":"I0305 01:18:42.445266   12056 dev.go:95] Listening on address (HTTP + gRPC): 127.0.0.1:50001\n"}}
[debug] [2025-05-25T11:16:28.887Z] [Firebase Plugin] Activating Firebase extension.
[debug] [2025-05-25T11:16:43.396Z] [Firebase Plugin] requireAuthWrapper
[debug] [2025-05-25T11:16:43.400Z] > command requires scopes: ["email","openid","https://www.googleapis.com/auth/cloudplatformprojects.readonly","https://www.googleapis.com/auth/firebase","https://www.googleapis.com/auth/cloud-platform"]
[debug] [2025-05-25T11:16:43.401Z] > authorizing via signed-in user (beautifulshameless@gmail.com)
[debug] [2025-05-25T11:16:43.407Z] Checked if tokens are valid: true, expires at: 1748175309704
[debug] [2025-05-25T11:16:43.408Z] Checked if tokens are valid: true, expires at: 1748175309704
[debug] [2025-05-25T11:16:43.409Z] [Firebase Plugin] User found:  beautifulshameless@gmail.com
[info] [Firebase Plugin] (Core:Project) New user detected, fetching projects
[debug] [2025-05-25T11:16:43.412Z] Checked if tokens are valid: true, expires at: 1748175309704
[debug] [2025-05-25T11:16:43.414Z] >>> [apiv2][query] GET https://firebase.googleapis.com/v1beta1/projects pageSize=1000
[info] [Firebase Plugin] Starting Data Connect toolkit (version 2.6.1) on port 50001
[info] i  dataconnect: downloading dataconnect-emulator-2.6.1.exe... {"metadata":{"emulator":{"name":"dataconnect"},"message":"downloading dataconnect-emulator-2.6.1.exe..."}}
[debug] [2025-05-25T11:16:44.931Z] >>> [apiv2][query] GET https://storage.googleapis.com/firemat-preview-drop/emulator/dataconnect-emulator-windows-v2.6.1 
[debug] [2025-05-25T11:16:45.880Z] <<< [apiv2][status] GET https://firebase.googleapis.com/v1beta1/projects 200
[debug] [2025-05-25T11:16:45.882Z] <<< [apiv2][body] GET https://firebase.googleapis.com/v1beta1/projects [omitted]
[debug] [2025-05-25T11:16:46.408Z] <<< [apiv2][status] GET https://storage.googleapis.com/firemat-preview-drop/emulator/dataconnect-emulator-windows-v2.6.1 200
[debug] [2025-05-25T11:16:46.409Z] <<< [apiv2][body] GET https://storage.googleapis.com/firemat-preview-drop/emulator/dataconnect-emulator-windows-v2.6.1 [stream]
[info] i  dataconnect: Removing outdated emulator files: dataconnect-emulator-1.8.3.exe {"metadata":{"emulator":{"name":"dataconnect"},"message":"Removing outdated emulator files: dataconnect-emulator-1.8.3.exe"}}
[debug] [2025-05-25T11:17:23.574Z] I0525 12:17:23.533026  424164 control.go:73] [/emulator/Sempaithon 7e1e] UpdateResources(): done
Schema: sources: schema\schema.gql [1429B] 
Connector "default": sources: connector\queries.gql [1938B] connector\mutations.gql [1213B] 
 {"metadata":{"emulator":{"name":"dataconnect"},"message":"I0525 12:17:23.533026  424164 control.go:73] [/emulator/Sempaithon 7e1e] UpdateResources(): done\nSchema: sources: schema\\schema.gql [1429B] \nConnector \"default\": sources: connector\\queries.gql [1938B] connector\\mutations.gql [1213B] \n"}}
[debug] [2025-05-25T11:17:23.576Z] Ignoring unsupported arg: auto_download {"metadata":{"emulator":{"name":"dataconnect"},"message":"Ignoring unsupported arg: auto_download"}}
[debug] [2025-05-25T11:17:23.576Z] Ignoring unsupported arg: port {"metadata":{"emulator":{"name":"dataconnect"},"message":"Ignoring unsupported arg: port"}}
[debug] [2025-05-25T11:17:23.577Z] Starting Data Connect Emulator with command {"binary":"C:\\Users\\USER\\.cache\\firebase\\emulators\\dataconnect-emulator-2.6.1.exe","args":["--logtostderr","-v=2","dev","--listen=localhost:50001","--config_dir=c:\\Users\\USER\\Sempaithon-2\\dataconnect","--enable_output_schema_extensions=true","--enable_output_generated_sdk=true"],"optionalArgs":["listen","config_dir","enable_output_schema_extensions","enable_output_generated_sdk"],"joinArgs":true,"shell":false,"port":9399} {"metadata":{"emulator":{"name":"dataconnect"},"message":"Starting Data Connect Emulator with command {\"binary\":\"C:\\\\Users\\\\USER\\\\.cache\\\\firebase\\\\emulators\\\\dataconnect-emulator-2.6.1.exe\",\"args\":[\"--logtostderr\",\"-v=2\",\"dev\",\"--listen=localhost:50001\",\"--config_dir=c:\\\\Users\\\\USER\\\\Sempaithon-2\\\\dataconnect\",\"--enable_output_schema_extensions=true\",\"--enable_output_generated_sdk=true\"],\"optionalArgs\":[\"listen\",\"config_dir\",\"enable_output_schema_extensions\",\"enable_output_generated_sdk\"],\"joinArgs\":true,\"shell\":false,\"port\":9399}"}}
[info] i  dataconnect: Data Connect Emulator logging to dataconnect-debug.log {"metadata":{"emulator":{"name":"dataconnect"},"message":"Data Connect Emulator logging to \u001b[1mdataconnect-debug.log\u001b[22m"}}
[debug] [2025-05-25T11:17:23.692Z] I0525 12:17:23.690072   10436 load.go:37] Reloading schema and connectors...
 {"metadata":{"emulator":{"name":"dataconnect"},"message":"I0525 12:17:23.690072   10436 load.go:37] Reloading schema and connectors...\n"}}
[debug] [2025-05-25T11:17:23.760Z] I0525 12:17:23.760094   10436 control.go:73] [/emulator/Sempaithon 5e46] UpdateResources(): done
Schema: sources: schema\schema.gql [1429B] 
Connector "default": sources: connector\mutations.gql [1213B] connector\queries.gql [1938B] 
 {"metadata":{"emulator":{"name":"dataconnect"},"message":"I0525 12:17:23.760094   10436 control.go:73] [/emulator/Sempaithon 5e46] UpdateResources(): done\nSchema: sources: schema\\schema.gql [1429B] \nConnector \"default\": sources: connector\\mutations.gql [1213B] connector\\queries.gql [1938B] \n"}}
[debug] [2025-05-25T11:17:23.828Z] I0525 12:17:23.827093   10436 codegen.go:82] [connector "default" javascriptSdk] Generating sources into "c:\\Users\\USER\\Sempaithon-2\\dataconnect-generated\\js\\default-connector"
 {"metadata":{"emulator":{"name":"dataconnect"},"message":"I0525 12:17:23.827093   10436 codegen.go:82] [connector \"default\" javascriptSdk] Generating sources into \"c:\\\\Users\\\\USER\\\\Sempaithon-2\\\\dataconnect-generated\\\\js\\\\default-connector\"\n"}}
[debug] [2025-05-25T11:17:23.852Z] I0525 12:17:23.850096   10436 collector.go:107] schema extensions wrote into "c:\\Users\\USER\\Sempaithon-2\\dataconnect\\.dataconnect\\schema"
Generated sources: prelude.gql [71531B] 
 {"metadata":{"emulator":{"name":"dataconnect"},"message":"I0525 12:17:23.850096   10436 collector.go:107] schema extensions wrote into \"c:\\\\Users\\\\USER\\\\Sempaithon-2\\\\dataconnect\\\\.dataconnect\\\\schema\"\nGenerated sources: prelude.gql [71531B] \n"}}
[debug] [2025-05-25T11:17:23.867Z] I0525 12:17:23.866095   10436 collector.go:107] connector "default" javascriptSdk wrote into "c:\\Users\\USER\\Sempaithon-2\\dataconnect-generated\\js\\default-connector"
Generated sources: index.d.ts [246B] esm\index.esm.js [113B] esm\package.json [17B] index.cjs.js [148B] package.json [634B] README.md [2774B] 
 {"metadata":{"emulator":{"name":"dataconnect"},"message":"I0525 12:17:23.866095   10436 collector.go:107] connector \"default\" javascriptSdk wrote into \"c:\\\\Users\\\\USER\\\\Sempaithon-2\\\\dataconnect-generated\\\\js\\\\default-connector\"\nGenerated sources: index.d.ts [246B] esm\\index.esm.js [113B] esm\\package.json [17B] index.cjs.js [148B] package.json [634B] README.md [2774B] \n"}}
[debug] [2025-05-25T11:17:23.923Z] I0525 12:17:23.923093   10436 installsdk.go:80] Running command: C:\nvm4w\nodejs\npm.cmd install file:dataconnect-generated\js\default-connector
 {"metadata":{"emulator":{"name":"dataconnect"},"message":"I0525 12:17:23.923093   10436 installsdk.go:80] Running command: C:\\nvm4w\\nodejs\\npm.cmd install file:dataconnect-generated\\js\\default-connector\n"}}
[debug] [2025-05-25T11:18:21.439Z] E0525 12:18:21.436320   10436 installsdk.go:82] Failed to install package: exit status 1
I0525 12:18:21.436320   10436 load.go:115] Finished reloading
 {"metadata":{"emulator":{"name":"dataconnect"},"message":"E0525 12:18:21.436320   10436 installsdk.go:82] Failed to install package: exit status 1\nI0525 12:18:21.436320   10436 load.go:115] Finished reloading\n"}}
[debug] [2025-05-25T11:18:21.544Z] I0525 12:18:21.544847   10436 dev.go:95] Listening on address (HTTP + gRPC): 127.0.0.1:50001
 {"metadata":{"emulator":{"name":"dataconnect"},"message":"I0525 12:18:21.544847   10436 dev.go:95] Listening on address (HTTP + gRPC): 127.0.0.1:50001\n"}}
[debug] [2025-05-25T12:19:22.061Z] [Firebase Plugin] Activating Firebase extension.
[info] [Firebase Plugin] Unable to check firebase-tools installation: TypeError: fetch failed
[debug] [2025-05-25T12:19:22.400Z] [Firebase Plugin] requireAuthWrapper
[debug] [2025-05-25T12:19:22.406Z] > command requires scopes: ["email","openid","https://www.googleapis.com/auth/cloudplatformprojects.readonly","https://www.googleapis.com/auth/firebase","https://www.googleapis.com/auth/cloud-platform"]
[debug] [2025-05-25T12:19:22.408Z] > authorizing via signed-in user (beautifulshameless@gmail.com)
[debug] [2025-05-25T12:19:22.414Z] Checked if tokens are valid: false, expires at: 1748175309704
[debug] [2025-05-25T12:19:22.415Z] Checked if tokens are valid: false, expires at: 1748175309704
[debug] [2025-05-25T12:19:22.416Z] > refreshing access token with scopes: []
[debug] [2025-05-25T12:19:22.422Z] >>> [apiv2][query] POST https://www.googleapis.com/oauth2/v3/token [none]
[debug] [2025-05-25T12:19:22.422Z] >>> [apiv2][body] POST https://www.googleapis.com/oauth2/v3/token [omitted]
[debug] [2025-05-25T12:19:22.801Z] *** [apiv2] error from fetch(https://www.googleapis.com/oauth2/v3/token, {"headers":{},"method":"POST","body":{"_overheadLength":545,"_valueLength":212,"_valuesToMeasure":[],"writable":false,"readable":true,"dataSize":0,"maxDataSize":2097152,"pauseStreams":true,"_released":true,"_streams":[],"_currentStream":null,"_insideLoop":false,"_pendingNext":false,"_boundary":"--------------------------712540923537869860162372","_events":{},"_eventsCount":1}}): FetchError: request to https://www.googleapis.com/oauth2/v3/token failed, reason: getaddrinfo ENOTFOUND www.googleapis.com
[error] Authentication Error: Your credentials are no longer valid. Please run firebase login --reauth

For CI servers and headless environments, generate a new token with firebase login:ci
[error] [Firebase Plugin] requireAuth error: Authentication Error: Your credentials are no longer valid. Please run firebase login --reauth

For CI servers and headless environments, generate a new token with firebase login:ci
[info] [Firebase Plugin] Starting Data Connect toolkit (version 2.6.1) on port 50001
[debug] [2025-05-25T12:19:35.728Z] I0525 13:19:35.390685   91064 control.go:73] [/emulator/Sempaithon fa83] UpdateResources(): done
Schema: sources: schema\schema.gql [1429B] 
Connector "default": sources: connector\mutations.gql [1213B] connector\queries.gql [1938B] 
 {"metadata":{"emulator":{"name":"dataconnect"},"message":"I0525 13:19:35.390685   91064 control.go:73] [/emulator/Sempaithon fa83] UpdateResources(): done\nSchema: sources: schema\\schema.gql [1429B] \nConnector \"default\": sources: connector\\mutations.gql [1213B] connector\\queries.gql [1938B] \n"}}
[debug] [2025-05-25T12:19:36.825Z] Ignoring unsupported arg: auto_download {"metadata":{"emulator":{"name":"dataconnect"},"message":"Ignoring unsupported arg: auto_download"}}
[debug] [2025-05-25T12:19:36.826Z] Ignoring unsupported arg: port {"metadata":{"emulator":{"name":"dataconnect"},"message":"Ignoring unsupported arg: port"}}
[debug] [2025-05-25T12:19:36.827Z] Starting Data Connect Emulator with command {"binary":"C:\\Users\\USER\\.cache\\firebase\\emulators\\dataconnect-emulator-2.6.1.exe","args":["--logtostderr","-v=2","dev","--listen=localhost:50001","--config_dir=c:\\Users\\USER\\Sempaithon-2\\dataconnect","--enable_output_schema_extensions=true","--enable_output_generated_sdk=true"],"optionalArgs":["listen","config_dir","enable_output_schema_extensions","enable_output_generated_sdk"],"joinArgs":true,"shell":false,"port":9399} {"metadata":{"emulator":{"name":"dataconnect"},"message":"Starting Data Connect Emulator with command {\"binary\":\"C:\\\\Users\\\\USER\\\\.cache\\\\firebase\\\\emulators\\\\dataconnect-emulator-2.6.1.exe\",\"args\":[\"--logtostderr\",\"-v=2\",\"dev\",\"--listen=localhost:50001\",\"--config_dir=c:\\\\Users\\\\USER\\\\Sempaithon-2\\\\dataconnect\",\"--enable_output_schema_extensions=true\",\"--enable_output_generated_sdk=true\"],\"optionalArgs\":[\"listen\",\"config_dir\",\"enable_output_schema_extensions\",\"enable_output_generated_sdk\"],\"joinArgs\":true,\"shell\":false,\"port\":9399}"}}
[info] i  dataconnect: Data Connect Emulator logging to dataconnect-debug.log {"metadata":{"emulator":{"name":"dataconnect"},"message":"Data Connect Emulator logging to \u001b[1mdataconnect-debug.log\u001b[22m"}}
[debug] [2025-05-25T12:19:46.309Z] I0525 13:19:46.116895   86656 load.go:37] Reloading schema and connectors...
 {"metadata":{"emulator":{"name":"dataconnect"},"message":"I0525 13:19:46.116895   86656 load.go:37] Reloading schema and connectors...\n"}}
[debug] [2025-05-25T12:19:49.462Z] I0525 13:19:49.461470   86656 control.go:73] [/emulator/Sempaithon d583] UpdateResources(): done
Schema: sources: schema\schema.gql [1429B] 
Connector "default": sources: connector\mutations.gql [1213B] connector\queries.gql [1938B] 
 {"metadata":{"emulator":{"name":"dataconnect"},"message":"I0525 13:19:49.461470   86656 control.go:73] [/emulator/Sempaithon d583] UpdateResources(): done\nSchema: sources: schema\\schema.gql [1429B] \nConnector \"default\": sources: connector\\mutations.gql [1213B] connector\\queries.gql [1938B] \n"}}
[debug] [2025-05-25T12:19:50.942Z] I0525 13:19:50.943419   86656 codegen.go:82] [connector "default" javascriptSdk] Generating sources into "c:\\Users\\USER\\Sempaithon-2\\dataconnect-generated\\js\\default-connector"
 {"metadata":{"emulator":{"name":"dataconnect"},"message":"I0525 13:19:50.943419   86656 codegen.go:82] [connector \"default\" javascriptSdk] Generating sources into \"c:\\\\Users\\\\USER\\\\Sempaithon-2\\\\dataconnect-generated\\\\js\\\\default-connector\"\n"}}
[debug] [2025-05-25T12:19:51.643Z] I0525 13:19:51.605247   86656 collector.go:107] schema extensions wrote into "c:\\Users\\USER\\Sempaithon-2\\dataconnect\\.dataconnect\\schema"
Generated sources: prelude.gql [71531B] 
 {"metadata":{"emulator":{"name":"dataconnect"},"message":"I0525 13:19:51.605247   86656 collector.go:107] schema extensions wrote into \"c:\\\\Users\\\\USER\\\\Sempaithon-2\\\\dataconnect\\\\.dataconnect\\\\schema\"\nGenerated sources: prelude.gql [71531B] \n"}}
[debug] [2025-05-25T12:19:51.680Z] I0525 13:19:51.672411   86656 collector.go:107] connector "default" javascriptSdk wrote into "c:\\Users\\USER\\Sempaithon-2\\dataconnect-generated\\js\\default-connector"
Generated sources: index.d.ts [246B] esm\index.esm.js [113B] esm\package.json [17B] index.cjs.js [148B] package.json [634B] README.md [2774B] 
 {"metadata":{"emulator":{"name":"dataconnect"},"message":"I0525 13:19:51.672411   86656 collector.go:107] connector \"default\" javascriptSdk wrote into \"c:\\\\Users\\\\USER\\\\Sempaithon-2\\\\dataconnect-generated\\\\js\\\\default-connector\"\nGenerated sources: index.d.ts [246B] esm\\index.esm.js [113B] esm\\package.json [17B] index.cjs.js [148B] package.json [634B] README.md [2774B] \n"}}
[debug] [2025-05-25T12:19:52.372Z] I0525 13:19:52.320505   86656 installsdk.go:80] Running command: C:\nvm4w\nodejs\npm.cmd install file:dataconnect-generated\js\default-connector
 {"metadata":{"emulator":{"name":"dataconnect"},"message":"I0525 13:19:52.320505   86656 installsdk.go:80] Running command: C:\\nvm4w\\nodejs\\npm.cmd install file:dataconnect-generated\\js\\default-connector\n"}}
[debug] [2025-05-25T12:20:29.914Z] E0525 13:20:29.914766   86656 installsdk.go:82] Failed to install package: exit status 0xc000013a
 {"metadata":{"emulator":{"name":"dataconnect"},"message":"E0525 13:20:29.914766   86656 installsdk.go:82] Failed to install package: exit status 0xc000013a\n"}}
[debug] [2025-05-25T12:20:29.947Z] I0525 13:20:29.914913   86656 load.go:115] Finished reloading
 {"metadata":{"emulator":{"name":"dataconnect"},"message":"I0525 13:20:29.914913   86656 load.go:115] Finished reloading\n"}}
[debug] [2025-05-25T12:20:30.303Z] I0525 13:20:30.281337   86656 dev.go:95] Listening on address (HTTP + gRPC): 127.0.0.1:50001
 {"metadata":{"emulator":{"name":"dataconnect"},"message":"I0525 13:20:30.281337   86656 dev.go:95] Listening on address (HTTP + gRPC): 127.0.0.1:50001\n"}}
[debug] [2025-08-28T12:15:17.854Z] [Firebase Plugin] Activating Firebase extension.
[debug] [2025-08-28T12:15:30.246Z] [Firebase Plugin] requireAuthWrapper
[debug] [2025-08-28T12:15:30.249Z] > command requires scopes: ["email","openid","https://www.googleapis.com/auth/cloudplatformprojects.readonly","https://www.googleapis.com/auth/firebase","https://www.googleapis.com/auth/cloud-platform"]
[debug] [2025-08-28T12:15:30.250Z] > authorizing via signed-in user (beautifulshameless@gmail.com)
[debug] [2025-08-28T12:15:30.276Z] Checked if tokens are valid: true, expires at: 1756386279707
[debug] [2025-08-28T12:15:30.277Z] Checked if tokens are valid: true, expires at: 1756386279707
[debug] [2025-08-28T12:15:30.278Z] [Firebase Plugin] User found:  beautifulshameless@gmail.com
[info] [Firebase Plugin] (Core:Project) New user detected, fetching projects
[debug] [2025-08-28T12:15:30.281Z] Checked if tokens are valid: true, expires at: 1756386279707
[debug] [2025-08-28T12:15:30.286Z] >>> [apiv2][query] GET https://firebase.googleapis.com/v1beta1/projects pageSize=1000
[info] [Firebase Plugin] Starting Data Connect toolkit (version 2.11.2) on port 50001
[info] i  dataconnect: downloading dataconnect-emulator-2.11.2.exe... {"metadata":{"emulator":{"name":"dataconnect"},"message":"downloading dataconnect-emulator-2.11.2.exe..."}}
[debug] [2025-08-28T12:15:30.888Z] >>> [apiv2][query] GET https://storage.googleapis.com/firemat-preview-drop/emulator/dataconnect-emulator-windows-v2.11.2 
[debug] [2025-08-28T12:15:31.739Z] <<< [apiv2][status] GET https://storage.googleapis.com/firemat-preview-drop/emulator/dataconnect-emulator-windows-v2.11.2 200
[debug] [2025-08-28T12:15:31.739Z] <<< [apiv2][body] GET https://storage.googleapis.com/firemat-preview-drop/emulator/dataconnect-emulator-windows-v2.11.2 [stream]
[debug] [2025-08-28T12:15:31.743Z] <<< [apiv2][status] GET https://firebase.googleapis.com/v1beta1/projects 200
[debug] [2025-08-28T12:15:31.744Z] <<< [apiv2][body] GET https://firebase.googleapis.com/v1beta1/projects [omitted]
[info] i  dataconnect: Removing outdated emulator files: dataconnect-emulator-2.6.1.exe {"metadata":{"emulator":{"name":"dataconnect"},"message":"Removing outdated emulator files: dataconnect-emulator-2.6.1.exe"}}
[debug] [2025-08-28T12:15:37.312Z] I0828 13:15:37.286171  131108 control.go:94] [/emulator/Sempaithon d937] UpdateResources(): done
Schema: sources: schema\schema.gql [1429B] 
Connector "default": sources: connector\mutations.gql [1213B] connector\queries.gql [1938B] 
 {"metadata":{"emulator":{"name":"dataconnect"},"message":"I0828 13:15:37.286171  131108 control.go:94] [/emulator/Sempaithon d937] UpdateResources(): done\nSchema: sources: schema\\schema.gql [1429B] \nConnector \"default\": sources: connector\\mutations.gql [1213B] connector\\queries.gql [1938B] \n"}}
[debug] [2025-08-28T12:15:37.313Z] Ignoring unsupported arg: auto_download {"metadata":{"emulator":{"name":"dataconnect"},"message":"Ignoring unsupported arg: auto_download"}}
[debug] [2025-08-28T12:15:37.313Z] Ignoring unsupported arg: port {"metadata":{"emulator":{"name":"dataconnect"},"message":"Ignoring unsupported arg: port"}}
[debug] [2025-08-28T12:15:37.314Z] Starting Data Connect Emulator with command {"binary":"C:\\Users\\USER\\.cache\\firebase\\emulators\\dataconnect-emulator-2.11.2.exe","args":["--logtostderr","-v=2","dev","--listen=localhost:50001","--config_dir=c:\\Users\\USER\\Desktop\\Sempaithon\\dataconnect","--enable_output_schema_extensions=true","--enable_output_generated_sdk=true"],"optionalArgs":["listen","config_dir","enable_output_schema_extensions","enable_output_generated_sdk"],"joinArgs":true,"shell":false,"port":9399} {"metadata":{"emulator":{"name":"dataconnect"},"message":"Starting Data Connect Emulator with command {\"binary\":\"C:\\\\Users\\\\USER\\\\.cache\\\\firebase\\\\emulators\\\\dataconnect-emulator-2.11.2.exe\",\"args\":[\"--logtostderr\",\"-v=2\",\"dev\",\"--listen=localhost:50001\",\"--config_dir=c:\\\\Users\\\\USER\\\\Desktop\\\\Sempaithon\\\\dataconnect\",\"--enable_output_schema_extensions=true\",\"--enable_output_generated_sdk=true\"],\"optionalArgs\":[\"listen\",\"config_dir\",\"enable_output_schema_extensions\",\"enable_output_generated_sdk\"],\"joinArgs\":true,\"shell\":false,\"port\":9399}"}}
[info] i  dataconnect: Data Connect Emulator logging to dataconnect-debug.log {"metadata":{"emulator":{"name":"dataconnect"},"message":"Data Connect Emulator logging to \u001b[1mdataconnect-debug.log\u001b[22m"}}
[debug] [2025-08-28T12:15:37.349Z] I0828 13:15:37.348245   68376 load.go:31] Reloading schema and connectors...
 {"metadata":{"emulator":{"name":"dataconnect"},"message":"I0828 13:15:37.348245   68376 load.go:31] Reloading schema and connectors...\n"}}
[debug] [2025-08-28T12:15:37.376Z] I0828 13:15:37.376472   68376 control.go:94] [/emulator/Sempaithon 446a] UpdateResources(): done
Schema: sources: schema\schema.gql [1429B] 
Connector "default": sources: connector\queries.gql [1938B] connector\mutations.gql [1213B] 
 {"metadata":{"emulator":{"name":"dataconnect"},"message":"I0828 13:15:37.376472   68376 control.go:94] [/emulator/Sempaithon 446a] UpdateResources(): done\nSchema: sources: schema\\schema.gql [1429B] \nConnector \"default\": sources: connector\\queries.gql [1938B] connector\\mutations.gql [1213B] \n"}}
[debug] [2025-08-28T12:15:37.401Z] I0828 13:15:37.401619   68376 codegen.go:82] [connector "default" javascriptSdk] Generating sources into "c:\\Users\\USER\\Desktop\\Sempaithon\\dataconnect-generated\\js\\default-connector"
 {"metadata":{"emulator":{"name":"dataconnect"},"message":"I0828 13:15:37.401619   68376 codegen.go:82] [connector \"default\" javascriptSdk] Generating sources into \"c:\\\\Users\\\\USER\\\\Desktop\\\\Sempaithon\\\\dataconnect-generated\\\\js\\\\default-connector\"\n"}}
[debug] [2025-08-28T12:15:37.408Z] I0828 13:15:37.407825   68376 collector.go:107] schema extensions wrote into "c:\\Users\\USER\\Desktop\\Sempaithon\\dataconnect\\.dataconnect\\schema"
Generated sources: prelude.gql [73251B] 
 {"metadata":{"emulator":{"name":"dataconnect"},"message":"I0828 13:15:37.407825   68376 collector.go:107] schema extensions wrote into \"c:\\\\Users\\\\USER\\\\Desktop\\\\Sempaithon\\\\dataconnect\\\\.dataconnect\\\\schema\"\nGenerated sources: prelude.gql [73251B] \n"}}
[debug] [2025-08-28T12:15:37.411Z] I0828 13:15:37.410805   68376 collector.go:107] connector "default" javascriptSdk wrote into "c:\\Users\\USER\\Desktop\\Sempaithon\\dataconnect-generated\\js\\default-connector"
Generated sources: index.cjs.js [148B] package.json [634B] README.md [2773B] index.d.ts [248B] esm\index.esm.js [113B] esm\package.json [17B] 
 {"metadata":{"emulator":{"name":"dataconnect"},"message":"I0828 13:15:37.410805   68376 collector.go:107] connector \"default\" javascriptSdk wrote into \"c:\\\\Users\\\\USER\\\\Desktop\\\\Sempaithon\\\\dataconnect-generated\\\\js\\\\default-connector\"\nGenerated sources: index.cjs.js [148B] package.json [634B] README.md [2773B] index.d.ts [248B] esm\\index.esm.js [113B] esm\\package.json [17B] \n"}}
[debug] [2025-08-28T12:15:37.416Z] I0828 13:15:37.416731   68376 installsdk.go:55] Package @firebasegen/default-connector is already installed. Skipping installation
I0828 13:15:37.416731   68376 load.go:109] Finished reloading
 {"metadata":{"emulator":{"name":"dataconnect"},"message":"I0828 13:15:37.416731   68376 installsdk.go:55] Package @firebasegen/default-connector is already installed. Skipping installation\nI0828 13:15:37.416731   68376 load.go:109] Finished reloading\n"}}
[debug] [2025-08-28T12:15:37.428Z] I0828 13:15:37.428093   68376 dev.go:102] Listening on address (HTTP + gRPC): 127.0.0.1:50001
 {"metadata":{"emulator":{"name":"dataconnect"},"message":"I0828 13:15:37.428093   68376 dev.go:102] Listening on address (HTTP + gRPC): 127.0.0.1:50001\n"}}
[error] [Firebase Plugin] error:  {}
[debug] [2025-08-29T08:20:27.783Z] [Firebase Plugin] Activating Firebase extension.
[debug] [2025-08-29T08:20:51.485Z] [Firebase Plugin] requireAuthWrapper
[debug] [2025-08-29T08:20:51.494Z] > command requires scopes: ["email","openid","https://www.googleapis.com/auth/cloudplatformprojects.readonly","https://www.googleapis.com/auth/firebase","https://www.googleapis.com/auth/cloud-platform"]
[debug] [2025-08-29T08:20:51.495Z] > authorizing via signed-in user (beautifulshameless@gmail.com)
[debug] [2025-08-29T08:20:51.503Z] Checked if tokens are valid: false, expires at: 1756386279707
[debug] [2025-08-29T08:20:51.503Z] Checked if tokens are valid: false, expires at: 1756386279707
[debug] [2025-08-29T08:20:51.505Z] > refreshing access token with scopes: []
[debug] [2025-08-29T08:20:51.509Z] >>> [apiv2][query] POST https://www.googleapis.com/oauth2/v3/token [none]
[debug] [2025-08-29T08:20:51.509Z] >>> [apiv2][body] POST https://www.googleapis.com/oauth2/v3/token [omitted]
[debug] [2025-08-29T08:20:51.652Z] [Firebase Plugin] VSCode notification server listening on port 40001
[info] [Firebase Plugin] Starting Data Connect toolkit (version 2.11.2) on port 50001
[debug] [2025-08-29T08:20:53.845Z] I0829 09:20:53.795844   11280 control.go:94] [/emulator/Sempaithon cdda] UpdateResources(): done
Schema: sources: schema\schema.gql [1429B] 
Connector "default": sources: connector\mutations.gql [1213B] connector\queries.gql [1938B] 
 {"metadata":{"emulator":{"name":"dataconnect"},"message":"I0829 09:20:53.795844   11280 control.go:94] [/emulator/Sempaithon cdda] UpdateResources(): done\nSchema: sources: schema\\schema.gql [1429B] \nConnector \"default\": sources: connector\\mutations.gql [1213B] connector\\queries.gql [1938B] \n"}}
[debug] [2025-08-29T08:20:53.847Z] Ignoring unsupported arg: auto_download {"metadata":{"emulator":{"name":"dataconnect"},"message":"Ignoring unsupported arg: auto_download"}}
[debug] [2025-08-29T08:20:53.847Z] Ignoring unsupported arg: port {"metadata":{"emulator":{"name":"dataconnect"},"message":"Ignoring unsupported arg: port"}}
[debug] [2025-08-29T08:20:53.848Z] Starting Data Connect Emulator with command {"binary":"C:\\Users\\USER\\.cache\\firebase\\emulators\\dataconnect-emulator-2.11.2.exe","args":["--logtostderr","-v=2","dev","--listen=localhost:50001","--config_dir=c:\\Users\\USER\\Desktop\\Sempaithon\\dataconnect","--enable_output_schema_extensions=true","--enable_output_generated_sdk=true"],"optionalArgs":["listen","config_dir","enable_output_schema_extensions","enable_output_generated_sdk"],"joinArgs":true,"shell":false,"port":9399} {"metadata":{"emulator":{"name":"dataconnect"},"message":"Starting Data Connect Emulator with command {\"binary\":\"C:\\\\Users\\\\USER\\\\.cache\\\\firebase\\\\emulators\\\\dataconnect-emulator-2.11.2.exe\",\"args\":[\"--logtostderr\",\"-v=2\",\"dev\",\"--listen=localhost:50001\",\"--config_dir=c:\\\\Users\\\\USER\\\\Desktop\\\\Sempaithon\\\\dataconnect\",\"--enable_output_schema_extensions=true\",\"--enable_output_generated_sdk=true\"],\"optionalArgs\":[\"listen\",\"config_dir\",\"enable_output_schema_extensions\",\"enable_output_generated_sdk\"],\"joinArgs\":true,\"shell\":false,\"port\":9399}"}}
[info] i  dataconnect: Data Connect Emulator logging to dataconnect-debug.log {"metadata":{"emulator":{"name":"dataconnect"},"message":"Data Connect Emulator logging to \u001b[1mdataconnect-debug.log\u001b[22m"}}
[debug] [2025-08-29T08:20:54.241Z] <<< [apiv2][status] POST https://www.googleapis.com/oauth2/v3/token 200
[debug] [2025-08-29T08:20:54.244Z] <<< [apiv2][body] POST https://www.googleapis.com/oauth2/v3/token [omitted]
[debug] [2025-08-29T08:20:54.269Z] [Firebase Plugin] User found:  beautifulshameless@gmail.com
[info] [Firebase Plugin] (Core:Project) New user detected, fetching projects
[debug] [2025-08-29T08:20:54.276Z] Checked if tokens are valid: true, expires at: 1756459253248
[debug] [2025-08-29T08:20:54.281Z] >>> [apiv2][query] GET https://firebase.googleapis.com/v1beta1/projects pageSize=1000
[debug] [2025-08-29T08:20:54.518Z] I0829 09:20:54.499411   13476 load.go:31] Reloading schema and connectors...
 {"metadata":{"emulator":{"name":"dataconnect"},"message":"I0829 09:20:54.499411   13476 load.go:31] Reloading schema and connectors...\n"}}
[debug] [2025-08-29T08:20:55.084Z] I0829 09:20:55.084402   13476 control.go:94] [/emulator/Sempaithon cf52] UpdateResources(): done
Schema: sources: schema\schema.gql [1429B] 
Connector "default": sources: connector\mutations.gql [1213B] connector\queries.gql [1938B] 
 {"metadata":{"emulator":{"name":"dataconnect"},"message":"I0829 09:20:55.084402   13476 control.go:94] [/emulator/Sempaithon cf52] UpdateResources(): done\nSchema: sources: schema\\schema.gql [1429B] \nConnector \"default\": sources: connector\\mutations.gql [1213B] connector\\queries.gql [1938B] \n"}}
[debug] [2025-08-29T08:20:55.162Z] <<< [apiv2][status] GET https://firebase.googleapis.com/v1beta1/projects 200
[debug] [2025-08-29T08:20:55.164Z] <<< [apiv2][body] GET https://firebase.googleapis.com/v1beta1/projects [omitted]
[debug] [2025-08-29T08:20:55.258Z] I0829 09:20:55.244416   13476 codegen.go:82] [connector "default" javascriptSdk] Generating sources into "c:\\Users\\USER\\Desktop\\Sempaithon\\dataconnect-generated\\js\\default-connector"
 {"metadata":{"emulator":{"name":"dataconnect"},"message":"I0829 09:20:55.244416   13476 codegen.go:82] [connector \"default\" javascriptSdk] Generating sources into \"c:\\\\Users\\\\USER\\\\Desktop\\\\Sempaithon\\\\dataconnect-generated\\\\js\\\\default-connector\"\n"}}
[debug] [2025-08-29T08:20:55.284Z] I0829 09:20:55.283094   13476 collector.go:107] schema extensions wrote into "c:\\Users\\USER\\Desktop\\Sempaithon\\dataconnect\\.dataconnect\\schema"
Generated sources: prelude.gql [73251B] 
 {"metadata":{"emulator":{"name":"dataconnect"},"message":"I0829 09:20:55.283094   13476 collector.go:107] schema extensions wrote into \"c:\\\\Users\\\\USER\\\\Desktop\\\\Sempaithon\\\\dataconnect\\\\.dataconnect\\\\schema\"\nGenerated sources: prelude.gql [73251B] \n"}}
[debug] [2025-08-29T08:20:55.293Z] I0829 09:20:55.292099   13476 collector.go:107] connector "default" javascriptSdk wrote into "c:\\Users\\USER\\Desktop\\Sempaithon\\dataconnect-generated\\js\\default-connector"
Generated sources: index.d.ts [248B] esm\index.esm.js [113B] esm\package.json [17B] index.cjs.js [148B] package.json [634B] README.md [2773B] 
 {"metadata":{"emulator":{"name":"dataconnect"},"message":"I0829 09:20:55.292099   13476 collector.go:107] connector \"default\" javascriptSdk wrote into \"c:\\\\Users\\\\USER\\\\Desktop\\\\Sempaithon\\\\dataconnect-generated\\\\js\\\\default-connector\"\nGenerated sources: index.d.ts [248B] esm\\index.esm.js [113B] esm\\package.json [17B] index.cjs.js [148B] package.json [634B] README.md [2773B] \n"}}
[debug] [2025-08-29T08:20:55.323Z] I0829 09:20:55.320752   13476 installsdk.go:55] Package @firebasegen/default-connector is already installed. Skipping installation
 {"metadata":{"emulator":{"name":"dataconnect"},"message":"I0829 09:20:55.320752   13476 installsdk.go:55] Package @firebasegen/default-connector is already installed. Skipping installation\n"}}
[debug] [2025-08-29T08:20:55.326Z] I0829 09:20:55.322811   13476 load.go:109] Finished reloading
 {"metadata":{"emulator":{"name":"dataconnect"},"message":"I0829 09:20:55.322811   13476 load.go:109] Finished reloading\n"}}
[debug] [2025-08-29T08:20:55.398Z] I0829 09:20:55.398529   13476 dev.go:102] Listening on address (HTTP + gRPC): 127.0.0.1:50001
 {"metadata":{"emulator":{"name":"dataconnect"},"message":"I0829 09:20:55.398529   13476 dev.go:102] Listening on address (HTTP + gRPC): 127.0.0.1:50001\n"}}
[error] [Firebase Plugin] error:  {}
[info] [Firebase Plugin] Stopping Data Connect toolkit
[warn] !  Data Connect Emulator has exited upon receiving signal: SIGKILL 
[debug] [2025-09-03T10:17:21.211Z] [Firebase Plugin] Activating Firebase extension.
[debug] [2025-09-03T10:17:43.617Z] [Firebase Plugin] requireAuthWrapper
[debug] [2025-09-03T10:17:43.621Z] > command requires scopes: ["email","openid","https://www.googleapis.com/auth/cloudplatformprojects.readonly","https://www.googleapis.com/auth/firebase","https://www.googleapis.com/auth/cloud-platform"]
[debug] [2025-09-03T10:17:43.622Z] > authorizing via signed-in user (beautifulshameless@gmail.com)
[debug] [2025-09-03T10:17:43.630Z] Checked if tokens are valid: false, expires at: 1756561033870
[debug] [2025-09-03T10:17:43.631Z] Checked if tokens are valid: false, expires at: 1756561033870
[debug] [2025-09-03T10:17:43.632Z] > refreshing access token with scopes: []
[debug] [2025-09-03T10:17:43.638Z] >>> [apiv2][query] POST https://www.googleapis.com/oauth2/v3/token [none]
[debug] [2025-09-03T10:17:43.639Z] >>> [apiv2][body] POST https://www.googleapis.com/oauth2/v3/token [omitted]
[debug] [2025-09-03T10:17:43.666Z] [Firebase Plugin] VSCode notification server listening on port 40001
[info] [Firebase Plugin] Starting Data Connect toolkit (version 2.11.2) on port 50001
[debug] [2025-09-03T10:17:45.812Z] I0903 11:17:45.776881  760460 control.go:94] [/emulator/Sempaithon 0bf1] UpdateResources(): done
Schema: sources: schema\schema.gql [1429B] 
Connector "default": sources: connector\mutations.gql [1213B] connector\queries.gql [1938B] 
 {"metadata":{"emulator":{"name":"dataconnect"},"message":"I0903 11:17:45.776881  760460 control.go:94] [/emulator/Sempaithon 0bf1] UpdateResources(): done\nSchema: sources: schema\\schema.gql [1429B] \nConnector \"default\": sources: connector\\mutations.gql [1213B] connector\\queries.gql [1938B] \n"}}
[debug] [2025-09-03T10:17:45.815Z] Ignoring unsupported arg: auto_download {"metadata":{"emulator":{"name":"dataconnect"},"message":"Ignoring unsupported arg: auto_download"}}
[debug] [2025-09-03T10:17:45.816Z] Ignoring unsupported arg: port {"metadata":{"emulator":{"name":"dataconnect"},"message":"Ignoring unsupported arg: port"}}
[debug] [2025-09-03T10:17:45.816Z] Starting Data Connect Emulator with command {"binary":"C:\\Users\\USER\\.cache\\firebase\\emulators\\dataconnect-emulator-2.11.2.exe","args":["--logtostderr","-v=2","dev","--listen=localhost:50001","--config_dir=c:\\Users\\USER\\Desktop\\Sempaithon\\dataconnect","--enable_output_schema_extensions=true","--enable_output_generated_sdk=true"],"optionalArgs":["listen","config_dir","enable_output_schema_extensions","enable_output_generated_sdk"],"joinArgs":true,"shell":false,"port":9399} {"metadata":{"emulator":{"name":"dataconnect"},"message":"Starting Data Connect Emulator with command {\"binary\":\"C:\\\\Users\\\\USER\\\\.cache\\\\firebase\\\\emulators\\\\dataconnect-emulator-2.11.2.exe\",\"args\":[\"--logtostderr\",\"-v=2\",\"dev\",\"--listen=localhost:50001\",\"--config_dir=c:\\\\Users\\\\USER\\\\Desktop\\\\Sempaithon\\\\dataconnect\",\"--enable_output_schema_extensions=true\",\"--enable_output_generated_sdk=true\"],\"optionalArgs\":[\"listen\",\"config_dir\",\"enable_output_schema_extensions\",\"enable_output_generated_sdk\"],\"joinArgs\":true,\"shell\":false,\"port\":9399}"}}
[info] i  dataconnect: Data Connect Emulator logging to dataconnect-debug.log {"metadata":{"emulator":{"name":"dataconnect"},"message":"Data Connect Emulator logging to \u001b[1mdataconnect-debug.log\u001b[22m"}}
[debug] [2025-09-03T10:17:46.394Z] I0903 11:17:46.381769  760588 load.go:31] Reloading schema and connectors...
 {"metadata":{"emulator":{"name":"dataconnect"},"message":"I0903 11:17:46.381769  760588 load.go:31] Reloading schema and connectors...\n"}}
[debug] [2025-09-03T10:17:46.399Z] <<< [apiv2][status] POST https://www.googleapis.com/oauth2/v3/token 200
[debug] [2025-09-03T10:17:46.400Z] <<< [apiv2][body] POST https://www.googleapis.com/oauth2/v3/token [omitted]
[debug] [2025-09-03T10:17:46.415Z] [Firebase Plugin] User found:  beautifulshameless@gmail.com
[info] [Firebase Plugin] (Core:Project) New user detected, fetching projects
[debug] [2025-09-03T10:17:46.417Z] Checked if tokens are valid: true, expires at: 1756898265400
[debug] [2025-09-03T10:17:46.418Z] >>> [apiv2][query] GET https://firebase.googleapis.com/v1beta1/projects pageSize=1000
[debug] [2025-09-03T10:17:46.464Z] I0903 11:17:46.461465  760588 control.go:94] [/emulator/Sempaithon 0585] UpdateResources(): done
Schema: sources: schema\schema.gql [1429B] 
Connector "default": sources: connector\mutations.gql [1213B] connector\queries.gql [1938B] 
 {"metadata":{"emulator":{"name":"dataconnect"},"message":"I0903 11:17:46.461465  760588 control.go:94] [/emulator/Sempaithon 0585] UpdateResources(): done\nSchema: sources: schema\\schema.gql [1429B] \nConnector \"default\": sources: connector\\mutations.gql [1213B] connector\\queries.gql [1938B] \n"}}
[debug] [2025-09-03T10:17:46.560Z] I0903 11:17:46.558161  760588 codegen.go:82] [connector "default" javascriptSdk] Generating sources into "c:\\Users\\USER\\Desktop\\Sempaithon\\dataconnect-generated\\js\\default-connector"
 {"metadata":{"emulator":{"name":"dataconnect"},"message":"I0903 11:17:46.558161  760588 codegen.go:82] [connector \"default\" javascriptSdk] Generating sources into \"c:\\\\Users\\\\USER\\\\Desktop\\\\Sempaithon\\\\dataconnect-generated\\\\js\\\\default-connector\"\n"}}
[debug] [2025-09-03T10:17:46.608Z] I0903 11:17:46.607838  760588 collector.go:107] schema extensions wrote into "c:\\Users\\USER\\Desktop\\Sempaithon\\dataconnect\\.dataconnect\\schema"
Generated sources: prelude.gql [73251B] 
 {"metadata":{"emulator":{"name":"dataconnect"},"message":"I0903 11:17:46.607838  760588 collector.go:107] schema extensions wrote into \"c:\\\\Users\\\\USER\\\\Desktop\\\\Sempaithon\\\\dataconnect\\\\.dataconnect\\\\schema\"\nGenerated sources: prelude.gql [73251B] \n"}}
[debug] [2025-09-03T10:17:46.627Z] I0903 11:17:46.626684  760588 collector.go:107] connector "default" javascriptSdk wrote into "c:\\Users\\USER\\Desktop\\Sempaithon\\dataconnect-generated\\js\\default-connector"
Generated sources: index.cjs.js [148B] package.json [634B] README.md [2773B] index.d.ts [248B] esm\index.esm.js [113B] esm\package.json [17B] 
 {"metadata":{"emulator":{"name":"dataconnect"},"message":"I0903 11:17:46.626684  760588 collector.go:107] connector \"default\" javascriptSdk wrote into \"c:\\\\Users\\\\USER\\\\Desktop\\\\Sempaithon\\\\dataconnect-generated\\\\js\\\\default-connector\"\nGenerated sources: index.cjs.js [148B] package.json [634B] README.md [2773B] index.d.ts [248B] esm\\index.esm.js [113B] esm\\package.json [17B] \n"}}
[debug] [2025-09-03T10:17:46.649Z] I0903 11:17:46.648532  760588 installsdk.go:55] Package @firebasegen/default-connector is already installed. Skipping installation
I0903 11:17:46.649607  760588 load.go:109] Finished reloading
 {"metadata":{"emulator":{"name":"dataconnect"},"message":"I0903 11:17:46.648532  760588 installsdk.go:55] Package @firebasegen/default-connector is already installed. Skipping installation\nI0903 11:17:46.649607  760588 load.go:109] Finished reloading\n"}}
[debug] [2025-09-03T10:17:46.682Z] I0903 11:17:46.680628  760588 dev.go:102] Listening on address (HTTP + gRPC): 127.0.0.1:50001
 {"metadata":{"emulator":{"name":"dataconnect"},"message":"I0903 11:17:46.680628  760588 dev.go:102] Listening on address (HTTP + gRPC): 127.0.0.1:50001\n"}}
[error] [Firebase Plugin] error:  {}
[debug] [2025-09-03T10:17:47.300Z] <<< [apiv2][status] GET https://firebase.googleapis.com/v1beta1/projects 200
[debug] [2025-09-03T10:17:47.300Z] <<< [apiv2][body] GET https://firebase.googleapis.com/v1beta1/projects [omitted]
